d:\myworkspace\dev\opensource\bugs\winui 3\cpp\coreapp\coreapp\x64\debug\pch.pch
d:\myworkspace\dev\opensource\bugs\winui 3\cpp\coreapp\coreapp\x64\debug\vc143.pdb
d:\myworkspace\dev\opensource\bugs\winui 3\cpp\coreapp\coreapp\x64\debug\vc143.idb
d:\myworkspace\dev\opensource\bugs\winui 3\cpp\coreapp\coreapp\x64\debug\pch.obj
d:\myworkspace\dev\opensource\bugs\winui 3\cpp\coreapp\coreapp\x64\debug\mainwindow.xaml.obj
d:\myworkspace\dev\opensource\bugs\winui 3\cpp\coreapp\coreapp\x64\debug\app.xaml.obj
d:\myworkspace\dev\opensource\bugs\winui 3\cpp\coreapp\coreapp\x64\debug\xamltypeinfo.impl.g.obj
d:\myworkspace\dev\opensource\bugs\winui 3\cpp\coreapp\coreapp\x64\debug\module.g.obj
d:\myworkspace\dev\opensource\bugs\winui 3\cpp\coreapp\coreapp\x64\debug\xamltypeinfo.g.obj
d:\myworkspace\dev\opensource\bugs\winui 3\cpp\coreapp\coreapp\x64\debug\xamlmetadataprovider.obj
d:\myworkspace\dev\opensource\bugs\winui 3\cpp\coreapp\x64\debug\coreapp\microsoft.windowsappruntime.bootstrap.dll
d:\myworkspace\dev\opensource\bugs\winui 3\cpp\coreapp\x64\debug\coreapp\calcwrc.winmd
d:\myworkspace\dev\opensource\bugs\winui 3\cpp\coreapp\x64\debug\coreapp\calcwrc.pdb
d:\myworkspace\dev\opensource\bugs\winui 3\cpp\coreapp\x64\debug\coreapp\calcwrc.pri
d:\myworkspace\dev\opensource\bugs\winui 3\cpp\coreapp\x64\debug\coreapp\calcwrc.dll
d:\myworkspace\dev\opensource\bugs\winui 3\cpp\coreapp\coreapp\x64\debug\coreapp.tlog\coreapp.winmd.lastbuild
d:\myworkspace\dev\opensource\bugs\winui 3\cpp\coreapp\coreapp\x64\debug\coreapp.ilk
d:\myworkspace\dev\opensource\bugs\winui 3\cpp\coreapp\x64\debug\coreapp\coreapp.exe
d:\myworkspace\dev\opensource\bugs\winui 3\cpp\coreapp\x64\debug\coreapp\coreapp.pdb
d:\myworkspace\dev\opensource\bugs\winui 3\cpp\coreapp\x64\debug\coreapp\coreapp.lib
d:\myworkspace\dev\opensource\bugs\winui 3\cpp\coreapp\x64\debug\coreapp\coreapp.exp
d:\myworkspace\dev\opensource\bugs\winui 3\cpp\coreapp\coreapp\x64\debug\unmerged\app.winmd
d:\myworkspace\dev\opensource\bugs\winui 3\cpp\coreapp\coreapp\x64\debug\unmerged\mainwindow.winmd
d:\myworkspace\dev\opensource\bugs\winui 3\cpp\coreapp\coreapp\x64\debug\unmerged\xamlmetadataprovider.winmd
d:\myworkspace\dev\opensource\bugs\winui 3\cpp\coreapp\coreapp\x64\debug\coreapp.exe.embed.manifest.res
d:\myworkspace\dev\opensource\bugs\winui 3\cpp\coreapp\coreapp\x64\debug\coreapp.vcxproj.cppwinrt_comp.rsp
d:\myworkspace\dev\opensource\bugs\winui 3\cpp\coreapp\coreapp\x64\debug\coreapp.vcxproj.cppwinrt_plat.rsp
d:\myworkspace\dev\opensource\bugs\winui 3\cpp\coreapp\coreapp\x64\debug\coreapp.vcxproj.cppwinrt_ref.rsp
d:\myworkspace\dev\opensource\bugs\winui 3\cpp\coreapp\coreapp\x64\debug\coreapp.vcxproj.mdmerge.rsp
d:\myworkspace\dev\opensource\bugs\winui 3\cpp\coreapp\coreapp\x64\debug\coreapp.vcxproj.midlrt.rsp
d:\myworkspace\dev\opensource\bugs\winui 3\cpp\coreapp\coreapp\x64\debug\coreapp.exe.embed.manifest
d:\myworkspace\dev\opensource\bugs\winui 3\cpp\coreapp\coreapp\x64\debug\coreapp_manifest.rc
d:\myworkspace\dev\opensource\bugs\winui 3\cpp\coreapp\coreapp\x64\debug\coreapp.tlog\cl.command.1.tlog
d:\myworkspace\dev\opensource\bugs\winui 3\cpp\coreapp\coreapp\x64\debug\coreapp.tlog\cl.items.tlog
d:\myworkspace\dev\opensource\bugs\winui 3\cpp\coreapp\coreapp\x64\debug\coreapp.tlog\cl.read.1.tlog
d:\myworkspace\dev\opensource\bugs\winui 3\cpp\coreapp\coreapp\x64\debug\coreapp.tlog\cl.write.1.tlog
d:\myworkspace\dev\opensource\bugs\winui 3\cpp\coreapp\coreapp\x64\debug\coreapp.tlog\copylocal.read.1u.tlog
d:\myworkspace\dev\opensource\bugs\winui 3\cpp\coreapp\coreapp\x64\debug\coreapp.tlog\copylocal.write.1u.tlog
d:\myworkspace\dev\opensource\bugs\winui 3\cpp\coreapp\coreapp\x64\debug\coreapp.tlog\link.command.1.tlog
d:\myworkspace\dev\opensource\bugs\winui 3\cpp\coreapp\coreapp\x64\debug\coreapp.tlog\link.read.1.tlog
d:\myworkspace\dev\opensource\bugs\winui 3\cpp\coreapp\coreapp\x64\debug\coreapp.tlog\link.write.1.tlog
d:\myworkspace\dev\opensource\bugs\winui 3\cpp\coreapp\coreapp\x64\debug\coreapp.tlog\link.write.2u.tlog
d:\myworkspace\dev\opensource\bugs\winui 3\cpp\coreapp\coreapp\x64\debug\coreapp.tlog\midl-midlrt.write.1.tlog
d:\myworkspace\dev\opensource\bugs\winui 3\cpp\coreapp\coreapp\x64\debug\coreapp.tlog\midl.command.1.tlog
d:\myworkspace\dev\opensource\bugs\winui 3\cpp\coreapp\coreapp\x64\debug\coreapp.tlog\midl.read.1.tlog
d:\myworkspace\dev\opensource\bugs\winui 3\cpp\coreapp\coreapp\x64\debug\coreapp.tlog\rc.command.1.tlog
d:\myworkspace\dev\opensource\bugs\winui 3\cpp\coreapp\coreapp\x64\debug\coreapp.tlog\rc.read.1.tlog
d:\myworkspace\dev\opensource\bugs\winui 3\cpp\coreapp\coreapp\x64\debug\coreapp.tlog\rc.write.1.tlog
d:\myworkspace\dev\opensource\bugs\winui 3\cpp\coreapp\coreapp\x64\debug\coreapp.tlog\xaml.read.1u.tlog
d:\myworkspace\dev\opensource\bugs\winui 3\cpp\coreapp\coreapp\generated files\app.xaml.g.h
d:\myworkspace\dev\opensource\bugs\winui 3\cpp\coreapp\coreapp\generated files\mainwindow.g.h
d:\myworkspace\dev\opensource\bugs\winui 3\cpp\coreapp\coreapp\generated files\mainwindow.xaml.g.h
d:\myworkspace\dev\opensource\bugs\winui 3\cpp\coreapp\coreapp\generated files\xamlbindinginfo.xaml.g.h
d:\myworkspace\dev\opensource\bugs\winui 3\cpp\coreapp\coreapp\generated files\xamlmetadataprovider.g.h
d:\myworkspace\dev\opensource\bugs\winui 3\cpp\coreapp\coreapp\generated files\xamltypeinfo.xaml.g.h
d:\myworkspace\dev\opensource\bugs\winui 3\cpp\coreapp\coreapp\generated files\mainwindow.g.cpp
d:\myworkspace\dev\opensource\bugs\winui 3\cpp\coreapp\coreapp\generated files\module.g.cpp
d:\myworkspace\dev\opensource\bugs\winui 3\cpp\coreapp\coreapp\generated files\xamllibmetadataprovider.g.cpp
d:\myworkspace\dev\opensource\bugs\winui 3\cpp\coreapp\coreapp\generated files\xamlmetadataprovider.g.cpp
d:\myworkspace\dev\opensource\bugs\winui 3\cpp\coreapp\coreapp\generated files\xamltypeinfo.g.cpp
d:\myworkspace\dev\opensource\bugs\winui 3\cpp\coreapp\coreapp\generated files\xamltypeinfo.impl.g.cpp
d:\myworkspace\dev\opensource\bugs\winui 3\cpp\coreapp\coreapp\generated files\app.xaml
d:\myworkspace\dev\opensource\bugs\winui 3\cpp\coreapp\coreapp\generated files\mainwindow.xaml
